{"/mnt/c/Progg/frontend-project-46/src/index.js": {"path":"/mnt/c/Progg/frontend-project-46/src/index.js","statementMap":{"0":{"start":{"line":8,"column":21},"end":{"line":12,"column":1}},"1":{"start":{"line":9,"column":18},"end":{"line":9,"column":45}},"2":{"start":{"line":10,"column":15},"end":{"line":10,"column":29}},"3":{"start":{"line":11,"column":2},"end":{"line":11,"column":30}},"4":{"start":{"line":14,"column":16},"end":{"line":19,"column":1}},"5":{"start":{"line":15,"column":16},"end":{"line":15,"column":35}},"6":{"start":{"line":16,"column":16},"end":{"line":16,"column":35}},"7":{"start":{"line":17,"column":19},"end":{"line":17,"column":44}},"8":{"start":{"line":18,"column":2},"end":{"line":18,"column":37}}},"fnMap":{"0":{"name":"(anonymous_0)","decl":{"start":{"line":8,"column":21},"end":{"line":8,"column":22}},"loc":{"start":{"line":8,"column":31},"end":{"line":12,"column":1}},"line":8},"1":{"name":"(anonymous_1)","decl":{"start":{"line":14,"column":16},"end":{"line":14,"column":17}},"loc":{"start":{"line":14,"column":54},"end":{"line":19,"column":1}},"line":14}},"branchMap":{"0":{"loc":{"start":{"line":14,"column":31},"end":{"line":14,"column":49}},"type":"default-arg","locations":[{"start":{"line":14,"column":40},"end":{"line":14,"column":49}}],"line":14}},"s":{"0":1,"1":14,"2":14,"3":14,"4":1,"5":7,"6":7,"7":7,"8":7},"f":{"0":14,"1":7},"b":{"0":[3]},"_coverageSchema":"1a1c01bbd47fc00a2c39e90264f33305004495a9","hash":"da24f6d8c5f9e3abf630ac9c971b5a80b692c22b"}
,"/mnt/c/Progg/frontend-project-46/src/parsers.js": {"path":"/mnt/c/Progg/frontend-project-46/src/parsers.js","statementMap":{"0":{"start":{"line":3,"column":14},"end":{"line":13,"column":1}},"1":{"start":{"line":4,"column":2},"end":{"line":12,"column":3}},"2":{"start":{"line":6,"column":6},"end":{"line":6,"column":33}},"3":{"start":{"line":9,"column":6},"end":{"line":9,"column":32}},"4":{"start":{"line":11,"column":6},"end":{"line":11,"column":77}}},"fnMap":{"0":{"name":"(anonymous_0)","decl":{"start":{"line":3,"column":14},"end":{"line":3,"column":15}},"loc":{"start":{"line":3,"column":36},"end":{"line":13,"column":1}},"line":3}},"branchMap":{"0":{"loc":{"start":{"line":4,"column":2},"end":{"line":12,"column":3}},"type":"switch","locations":[{"start":{"line":5,"column":4},"end":{"line":6,"column":33}},{"start":{"line":7,"column":4},"end":{"line":7,"column":15}},{"start":{"line":8,"column":4},"end":{"line":9,"column":32}},{"start":{"line":10,"column":4},"end":{"line":11,"column":77}}],"line":4}},"s":{"0":1,"1":14,"2":7,"3":7,"4":0},"f":{"0":14},"b":{"0":[7,0,7,0]},"_coverageSchema":"1a1c01bbd47fc00a2c39e90264f33305004495a9","hash":"3a008bd65e4891918ab5caff28baae07b763ccf0"}
,"/mnt/c/Progg/frontend-project-46/src/utils.js": {"path":"/mnt/c/Progg/frontend-project-46/src/utils.js","statementMap":{"0":{"start":{"line":6,"column":19},"end":{"line":6,"column":49}},"1":{"start":{"line":7,"column":18},"end":{"line":7,"column":42}},"2":{"start":{"line":9,"column":16},"end":{"line":9,"column":85}},"3":{"start":{"line":9,"column":30},"end":{"line":9,"column":85}},"4":{"start":{"line":10,"column":17},"end":{"line":10,"column":74}},"5":{"start":{"line":10,"column":31},"end":{"line":10,"column":74}}},"fnMap":{"0":{"name":"(anonymous_0)","decl":{"start":{"line":9,"column":16},"end":{"line":9,"column":17}},"loc":{"start":{"line":9,"column":30},"end":{"line":9,"column":85}},"line":9},"1":{"name":"(anonymous_1)","decl":{"start":{"line":10,"column":17},"end":{"line":10,"column":18}},"loc":{"start":{"line":10,"column":31},"end":{"line":10,"column":74}},"line":10}},"branchMap":{},"s":{"0":1,"1":1,"2":1,"3":17,"4":1,"5":17},"f":{"0":17,"1":17},"b":{},"_coverageSchema":"1a1c01bbd47fc00a2c39e90264f33305004495a9","hash":"04c234c745e778a452698d0585b6cb301a9f2fe0"}
,"/mnt/c/Progg/frontend-project-46/src/formatters/formJson.js": {"path":"/mnt/c/Progg/frontend-project-46/src/formatters/formJson.js","statementMap":{"0":{"start":{"line":1,"column":25},"end":{"line":1,"column":56}}},"fnMap":{"0":{"name":"(anonymous_0)","decl":{"start":{"line":1,"column":15},"end":{"line":1,"column":16}},"loc":{"start":{"line":1,"column":25},"end":{"line":1,"column":56}},"line":1}},"branchMap":{},"s":{"0":1},"f":{"0":1},"b":{},"_coverageSchema":"1a1c01bbd47fc00a2c39e90264f33305004495a9","hash":"e9072c0fe4b9ea5f156ccf538f81083d1b7c6adc"}
,"/mnt/c/Progg/frontend-project-46/src/formatters/formPlain.js": {"path":"/mnt/c/Progg/frontend-project-46/src/formatters/formPlain.js","statementMap":{"0":{"start":{"line":3,"column":21},"end":{"line":11,"column":1}},"1":{"start":{"line":4,"column":2},"end":{"line":6,"column":3}},"2":{"start":{"line":5,"column":4},"end":{"line":5,"column":29}},"3":{"start":{"line":7,"column":2},"end":{"line":9,"column":3}},"4":{"start":{"line":8,"column":4},"end":{"line":8,"column":24}},"5":{"start":{"line":10,"column":2},"end":{"line":10,"column":15}},"6":{"start":{"line":13,"column":21},"end":{"line":35,"column":1}},"7":{"start":{"line":14,"column":15},"end":{"line":33,"column":3}},"8":{"start":{"line":15,"column":18},"end":{"line":31,"column":8}},"9":{"start":{"line":16,"column":26},"end":{"line":16,"column":53}},"10":{"start":{"line":18,"column":24},"end":{"line":18,"column":46}},"11":{"start":{"line":19,"column":8},"end":{"line":30,"column":9}},"12":{"start":{"line":21,"column":12},"end":{"line":21,"column":93}},"13":{"start":{"line":23,"column":12},"end":{"line":23,"column":55}},"14":{"start":{"line":25,"column":12},"end":{"line":25,"column":122}},"15":{"start":{"line":27,"column":12},"end":{"line":27,"column":54}},"16":{"start":{"line":29,"column":12},"end":{"line":29,"column":69}},"17":{"start":{"line":32,"column":4},"end":{"line":32,"column":28}},"18":{"start":{"line":34,"column":2},"end":{"line":34,"column":24}}},"fnMap":{"0":{"name":"(anonymous_0)","decl":{"start":{"line":3,"column":21},"end":{"line":3,"column":22}},"loc":{"start":{"line":3,"column":32},"end":{"line":11,"column":1}},"line":3},"1":{"name":"(anonymous_1)","decl":{"start":{"line":13,"column":21},"end":{"line":13,"column":22}},"loc":{"start":{"line":13,"column":35},"end":{"line":35,"column":1}},"line":13},"2":{"name":"(anonymous_2)","decl":{"start":{"line":14,"column":15},"end":{"line":14,"column":16}},"loc":{"start":{"line":14,"column":38},"end":{"line":33,"column":3}},"line":14},"3":{"name":"(anonymous_3)","decl":{"start":{"line":16,"column":14},"end":{"line":16,"column":15}},"loc":{"start":{"line":16,"column":26},"end":{"line":16,"column":53}},"line":16},"4":{"name":"(anonymous_4)","decl":{"start":{"line":17,"column":11},"end":{"line":17,"column":12}},"loc":{"start":{"line":17,"column":21},"end":{"line":31,"column":7}},"line":17}},"branchMap":{"0":{"loc":{"start":{"line":4,"column":2},"end":{"line":6,"column":3}},"type":"if","locations":[{"start":{"line":4,"column":2},"end":{"line":6,"column":3}},{"start":{},"end":{}}],"line":4},"1":{"loc":{"start":{"line":7,"column":2},"end":{"line":9,"column":3}},"type":"if","locations":[{"start":{"line":7,"column":2},"end":{"line":9,"column":3}},{"start":{},"end":{}}],"line":7},"2":{"loc":{"start":{"line":14,"column":22},"end":{"line":14,"column":33}},"type":"default-arg","locations":[{"start":{"line":14,"column":31},"end":{"line":14,"column":33}}],"line":14},"3":{"loc":{"start":{"line":19,"column":8},"end":{"line":30,"column":9}},"type":"switch","locations":[{"start":{"line":20,"column":10},"end":{"line":21,"column":93}},{"start":{"line":22,"column":10},"end":{"line":23,"column":55}},{"start":{"line":24,"column":10},"end":{"line":25,"column":122}},{"start":{"line":26,"column":10},"end":{"line":27,"column":54}},{"start":{"line":28,"column":10},"end":{"line":29,"column":69}}],"line":19}},"s":{"0":1,"1":26,"2":6,"3":20,"4":14,"5":6,"6":1,"7":2,"8":10,"9":36,"10":30,"11":30,"12":10,"13":4,"14":8,"15":8,"16":0,"17":10,"18":2},"f":{"0":26,"1":2,"2":10,"3":36,"4":30},"b":{"0":[6,20],"1":[14,6],"2":[2],"3":[10,4,8,8,0]},"_coverageSchema":"1a1c01bbd47fc00a2c39e90264f33305004495a9","hash":"51042b0c983d308869cbafc5e8c2be71856ee5b4"}
,"/mnt/c/Progg/frontend-project-46/src/formatters/formStylish.js": {"path":"/mnt/c/Progg/frontend-project-46/src/formatters/formStylish.js","statementMap":{"0":{"start":{"line":3,"column":20},"end":{"line":3,"column":21}},"1":{"start":{"line":4,"column":15},"end":{"line":4,"column":61}},"2":{"start":{"line":4,"column":26},"end":{"line":4,"column":61}},"3":{"start":{"line":6,"column":18},"end":{"line":16,"column":1}},"4":{"start":{"line":7,"column":2},"end":{"line":9,"column":3}},"5":{"start":{"line":8,"column":4},"end":{"line":8,"column":21}},"6":{"start":{"line":10,"column":15},"end":{"line":10,"column":35}},"7":{"start":{"line":11,"column":18},"end":{"line":14,"column":4}},"8":{"start":{"line":12,"column":25},"end":{"line":12,"column":52}},"9":{"start":{"line":13,"column":4},"end":{"line":13,"column":59}},"10":{"start":{"line":15,"column":2},"end":{"line":15,"column":57}},"11":{"start":{"line":18,"column":25},"end":{"line":37,"column":1}},"12":{"start":{"line":19,"column":15},"end":{"line":35,"column":4}},"13":{"start":{"line":19,"column":36},"end":{"line":35,"column":4}},"14":{"start":{"line":20,"column":30},"end":{"line":20,"column":114}},"15":{"start":{"line":20,"column":47},"end":{"line":20,"column":114}},"16":{"start":{"line":21,"column":4},"end":{"line":34,"column":5}},"17":{"start":{"line":23,"column":8},"end":{"line":23,"column":50}},"18":{"start":{"line":25,"column":8},"end":{"line":25,"column":50}},"19":{"start":{"line":27,"column":8},"end":{"line":27,"column":50}},"20":{"start":{"line":29,"column":8},"end":{"line":29,"column":94}},"21":{"start":{"line":31,"column":8},"end":{"line":31,"column":115}},"22":{"start":{"line":33,"column":8},"end":{"line":33,"column":65}},"23":{"start":{"line":36,"column":2},"end":{"line":36,"column":42}}},"fnMap":{"0":{"name":"(anonymous_0)","decl":{"start":{"line":4,"column":15},"end":{"line":4,"column":16}},"loc":{"start":{"line":4,"column":26},"end":{"line":4,"column":61}},"line":4},"1":{"name":"(anonymous_1)","decl":{"start":{"line":6,"column":18},"end":{"line":6,"column":19}},"loc":{"start":{"line":6,"column":39},"end":{"line":16,"column":1}},"line":6},"2":{"name":"(anonymous_2)","decl":{"start":{"line":11,"column":27},"end":{"line":11,"column":28}},"loc":{"start":{"line":11,"column":45},"end":{"line":14,"column":3}},"line":11},"3":{"name":"(anonymous_3)","decl":{"start":{"line":18,"column":25},"end":{"line":18,"column":26}},"loc":{"start":{"line":18,"column":39},"end":{"line":37,"column":1}},"line":18},"4":{"name":"(anonymous_4)","decl":{"start":{"line":19,"column":15},"end":{"line":19,"column":16}},"loc":{"start":{"line":19,"column":36},"end":{"line":35,"column":4}},"line":19},"5":{"name":"(anonymous_5)","decl":{"start":{"line":19,"column":45},"end":{"line":19,"column":46}},"loc":{"start":{"line":19,"column":55},"end":{"line":35,"column":3}},"line":19},"6":{"name":"(anonymous_6)","decl":{"start":{"line":20,"column":30},"end":{"line":20,"column":31}},"loc":{"start":{"line":20,"column":47},"end":{"line":20,"column":114}},"line":20}},"branchMap":{"0":{"loc":{"start":{"line":6,"column":25},"end":{"line":6,"column":34}},"type":"default-arg","locations":[{"start":{"line":6,"column":33},"end":{"line":6,"column":34}}],"line":6},"1":{"loc":{"start":{"line":7,"column":2},"end":{"line":9,"column":3}},"type":"if","locations":[{"start":{"line":7,"column":2},"end":{"line":9,"column":3}},{"start":{},"end":{}}],"line":7},"2":{"loc":{"start":{"line":19,"column":22},"end":{"line":19,"column":31}},"type":"default-arg","locations":[{"start":{"line":19,"column":30},"end":{"line":19,"column":31}}],"line":19},"3":{"loc":{"start":{"line":21,"column":4},"end":{"line":34,"column":5}},"type":"switch","locations":[{"start":{"line":22,"column":6},"end":{"line":23,"column":50}},{"start":{"line":24,"column":6},"end":{"line":25,"column":50}},{"start":{"line":26,"column":6},"end":{"line":27,"column":50}},{"start":{"line":28,"column":6},"end":{"line":29,"column":94}},{"start":{"line":30,"column":6},"end":{"line":31,"column":115}},{"start":{"line":32,"column":6},"end":{"line":33,"column":65}}],"line":21}},"s":{"0":1,"1":1,"2":168,"3":1,"4":108,"5":80,"6":28,"7":28,"8":36,"9":36,"10":28,"11":1,"12":4,"13":20,"14":72,"15":72,"16":72,"17":20,"18":8,"19":12,"20":16,"21":16,"22":0,"23":4},"f":{"0":168,"1":108,"2":36,"3":4,"4":20,"5":72,"6":72},"b":{"0":[0],"1":[80,28],"2":[4],"3":[20,8,12,16,16,0]},"_coverageSchema":"1a1c01bbd47fc00a2c39e90264f33305004495a9","hash":"18c9823c28746ad73fe77f65859571cb9526b277"}
,"/mnt/c/Progg/frontend-project-46/src/formatters/getDiffTree.js": {"path":"/mnt/c/Progg/frontend-project-46/src/formatters/getDiffTree.js","statementMap":{"0":{"start":{"line":3,"column":20},"end":{"line":26,"column":1}},"1":{"start":{"line":4,"column":16},"end":{"line":4,"column":34}},"2":{"start":{"line":5,"column":16},"end":{"line":5,"column":34}},"3":{"start":{"line":6,"column":15},"end":{"line":6,"column":46}},"4":{"start":{"line":7,"column":19},"end":{"line":23,"column":4}},"5":{"start":{"line":8,"column":4},"end":{"line":10,"column":5}},"6":{"start":{"line":9,"column":6},"end":{"line":9,"column":55}},"7":{"start":{"line":10,"column":6},"end":{"line":12,"column":5}},"8":{"start":{"line":11,"column":6},"end":{"line":11,"column":57}},"9":{"start":{"line":12,"column":6},"end":{"line":14,"column":5}},"10":{"start":{"line":13,"column":6},"end":{"line":13,"column":59}},"11":{"start":{"line":14,"column":6},"end":{"line":16,"column":5}},"12":{"start":{"line":15,"column":6},"end":{"line":15,"column":84}},"13":{"start":{"line":17,"column":4},"end":{"line":22,"column":6}},"14":{"start":{"line":25,"column":2},"end":{"line":25,"column":18}}},"fnMap":{"0":{"name":"(anonymous_0)","decl":{"start":{"line":3,"column":20},"end":{"line":3,"column":21}},"loc":{"start":{"line":3,"column":38},"end":{"line":26,"column":1}},"line":3},"1":{"name":"(anonymous_1)","decl":{"start":{"line":7,"column":28},"end":{"line":7,"column":29}},"loc":{"start":{"line":7,"column":37},"end":{"line":23,"column":3}},"line":7}},"branchMap":{"0":{"loc":{"start":{"line":8,"column":4},"end":{"line":10,"column":5}},"type":"if","locations":[{"start":{"line":8,"column":4},"end":{"line":10,"column":5}},{"start":{},"end":{}}],"line":8},"1":{"loc":{"start":{"line":10,"column":6},"end":{"line":12,"column":5}},"type":"if","locations":[{"start":{"line":10,"column":6},"end":{"line":12,"column":5}},{"start":{},"end":{}}],"line":10},"2":{"loc":{"start":{"line":12,"column":6},"end":{"line":14,"column":5}},"type":"if","locations":[{"start":{"line":12,"column":6},"end":{"line":14,"column":5}},{"start":{},"end":{}}],"line":12},"3":{"loc":{"start":{"line":14,"column":6},"end":{"line":16,"column":5}},"type":"if","locations":[{"start":{"line":14,"column":6},"end":{"line":16,"column":5}},{"start":{},"end":{}}],"line":14},"4":{"loc":{"start":{"line":14,"column":10},"end":{"line":14,"column":68}},"type":"binary-expr","locations":[{"start":{"line":14,"column":10},"end":{"line":14,"column":37}},{"start":{"line":14,"column":41},"end":{"line":14,"column":68}}],"line":14}},"s":{"0":1,"1":35,"2":35,"3":35,"4":35,"5":126,"6":35,"7":91,"8":14,"9":77,"10":21,"11":56,"12":28,"13":28,"14":35},"f":{"0":35,"1":126},"b":{"0":[35,91],"1":[14,77],"2":[21,56],"3":[28,28],"4":[56,35]},"_coverageSchema":"1a1c01bbd47fc00a2c39e90264f33305004495a9","hash":"700daf97fbc57a8a1df2ce873c443dd28e3c01ac"}
,"/mnt/c/Progg/frontend-project-46/src/formatters/index.js": {"path":"/mnt/c/Progg/frontend-project-46/src/formatters/index.js","statementMap":{"0":{"start":{"line":5,"column":18},"end":{"line":16,"column":1}},"1":{"start":{"line":6,"column":2},"end":{"line":15,"column":3}},"2":{"start":{"line":8,"column":6},"end":{"line":8,"column":47}},"3":{"start":{"line":10,"column":6},"end":{"line":10,"column":43}},"4":{"start":{"line":12,"column":6},"end":{"line":12,"column":50}},"5":{"start":{"line":14,"column":6},"end":{"line":14,"column":75}}},"fnMap":{"0":{"name":"(anonymous_0)","decl":{"start":{"line":5,"column":18},"end":{"line":5,"column":19}},"loc":{"start":{"line":5,"column":50},"end":{"line":16,"column":1}},"line":5}},"branchMap":{"0":{"loc":{"start":{"line":6,"column":2},"end":{"line":15,"column":3}},"type":"switch","locations":[{"start":{"line":7,"column":4},"end":{"line":8,"column":47}},{"start":{"line":9,"column":4},"end":{"line":10,"column":43}},{"start":{"line":11,"column":4},"end":{"line":12,"column":50}},{"start":{"line":13,"column":4},"end":{"line":14,"column":75}}],"line":6}},"s":{"0":1,"1":7,"2":1,"3":2,"4":4,"5":0},"f":{"0":7},"b":{"0":[1,2,4,0]},"_coverageSchema":"1a1c01bbd47fc00a2c39e90264f33305004495a9","hash":"6757a3ede42a5df7c4c1124ac6910418caa37dfe"}
}
