TN:
SF:src/index.js
FN:8,(anonymous_0)
FN:14,(anonymous_1)
FNF:2
FNH:2
FNDA:14,(anonymous_0)
FNDA:7,(anonymous_1)
DA:8,1
DA:9,14
DA:10,14
DA:11,14
DA:14,1
DA:15,7
DA:16,7
DA:17,7
DA:18,7
LF:9
LH:9
BRDA:14,0,0,3
BRF:1
BRH:1
end_of_record
TN:
SF:src/parsers.js
FN:3,(anonymous_0)
FNF:1
FNH:1
FNDA:14,(anonymous_0)
DA:3,1
DA:4,14
DA:6,7
DA:9,7
DA:11,0
LF:5
LH:4
BRDA:4,0,0,7
BRDA:4,0,1,0
BRDA:4,0,2,7
BRDA:4,0,3,0
BRF:4
BRH:2
end_of_record
TN:
SF:src/utils.js
FN:9,(anonymous_0)
FN:10,(anonymous_1)
FNF:2
FNH:2
FNDA:17,(anonymous_0)
FNDA:17,(anonymous_1)
DA:6,1
DA:7,1
DA:9,17
DA:10,17
LF:4
LH:4
BRF:0
BRH:0
end_of_record
TN:
SF:src/formatters/formJson.js
FN:1,(anonymous_0)
FNF:1
FNH:1
FNDA:1,(anonymous_0)
DA:1,1
LF:1
LH:1
BRF:0
BRH:0
end_of_record
TN:
SF:src/formatters/formPlain.js
FN:3,(anonymous_0)
FN:13,(anonymous_1)
FN:14,(anonymous_2)
FN:16,(anonymous_3)
FN:17,(anonymous_4)
FNF:5
FNH:5
FNDA:26,(anonymous_0)
FNDA:2,(anonymous_1)
FNDA:10,(anonymous_2)
FNDA:36,(anonymous_3)
FNDA:30,(anonymous_4)
DA:3,1
DA:4,26
DA:5,6
DA:7,20
DA:8,14
DA:10,6
DA:13,1
DA:14,2
DA:15,10
DA:16,36
DA:18,30
DA:19,30
DA:21,10
DA:23,4
DA:25,8
DA:27,8
DA:29,0
DA:32,10
DA:34,2
LF:19
LH:18
BRDA:4,0,0,6
BRDA:4,0,1,20
BRDA:7,1,0,14
BRDA:7,1,1,6
BRDA:14,2,0,2
BRDA:19,3,0,10
BRDA:19,3,1,4
BRDA:19,3,2,8
BRDA:19,3,3,8
BRDA:19,3,4,0
BRF:10
BRH:9
end_of_record
TN:
SF:src/formatters/formStylish.js
FN:4,(anonymous_0)
FN:6,(anonymous_1)
FN:11,(anonymous_2)
FN:18,(anonymous_3)
FN:19,(anonymous_4)
FN:19,(anonymous_5)
FN:20,(anonymous_6)
FNF:7
FNH:7
FNDA:168,(anonymous_0)
FNDA:108,(anonymous_1)
FNDA:36,(anonymous_2)
FNDA:4,(anonymous_3)
FNDA:20,(anonymous_4)
FNDA:72,(anonymous_5)
FNDA:72,(anonymous_6)
DA:3,1
DA:4,168
DA:6,1
DA:7,108
DA:8,80
DA:10,28
DA:11,28
DA:12,36
DA:13,36
DA:15,28
DA:18,1
DA:19,20
DA:20,72
DA:21,72
DA:23,20
DA:25,8
DA:27,12
DA:29,16
DA:31,16
DA:33,0
DA:36,4
LF:21
LH:20
BRDA:6,0,0,0
BRDA:7,1,0,80
BRDA:7,1,1,28
BRDA:19,2,0,4
BRDA:21,3,0,20
BRDA:21,3,1,8
BRDA:21,3,2,12
BRDA:21,3,3,16
BRDA:21,3,4,16
BRDA:21,3,5,0
BRF:10
BRH:8
end_of_record
TN:
SF:src/formatters/getDiffTree.js
FN:3,(anonymous_0)
FN:7,(anonymous_1)
FNF:2
FNH:2
FNDA:35,(anonymous_0)
FNDA:126,(anonymous_1)
DA:3,1
DA:4,35
DA:5,35
DA:6,35
DA:7,35
DA:8,126
DA:9,35
DA:10,91
DA:11,14
DA:12,77
DA:13,21
DA:14,56
DA:15,28
DA:17,28
DA:25,35
LF:15
LH:15
BRDA:8,0,0,35
BRDA:8,0,1,91
BRDA:10,1,0,14
BRDA:10,1,1,77
BRDA:12,2,0,21
BRDA:12,2,1,56
BRDA:14,3,0,28
BRDA:14,3,1,28
BRDA:14,4,0,56
BRDA:14,4,1,35
BRF:10
BRH:10
end_of_record
TN:
SF:src/formatters/index.js
FN:5,(anonymous_0)
FNF:1
FNH:1
FNDA:7,(anonymous_0)
DA:5,1
DA:6,7
DA:8,1
DA:10,2
DA:12,4
DA:14,0
LF:6
LH:5
BRDA:6,0,0,1
BRDA:6,0,1,2
BRDA:6,0,2,4
BRDA:6,0,3,0
BRF:4
BRH:3
end_of_record
